[debug] [2025-10-23T21:00:29.273Z] ----------------------------------------------------------------------
[debug] [2025-10-23T21:00:29.275Z] Command:       /opt/homebrew/Cellar/node/23.11.0/bin/node /opt/homebrew/bin/firebase init
[debug] [2025-10-23T21:00:29.275Z] CLI Version:   14.21.0
[debug] [2025-10-23T21:00:29.275Z] Platform:      darwin
[debug] [2025-10-23T21:00:29.275Z] Node Version:  v23.11.0
[debug] [2025-10-23T21:00:29.275Z] Time:          Thu Oct 23 2025 17:00:29 GMT-0400 (Eastern Daylight Time)
[debug] [2025-10-23T21:00:29.275Z] ----------------------------------------------------------------------
[debug] 
[debug] [2025-10-23T21:00:29.276Z] >>> [apiv2][query] GET https://firebase-public.firebaseio.com/cli.json [none]
[info] 
     ######## #### ########  ######## ########     ###     ######  ########
     ##        ##  ##     ## ##       ##     ##  ##   ##  ##       ##
     ######    ##  ########  ######   ########  #########  ######  ######
     ##        ##  ##    ##  ##       ##     ## ##     ##       ## ##
     ##       #### ##     ## ######## ########  ##     ##  ######  ########

You're about to initialize a Firebase project in this directory:

  /Users/ramy/Documents/Personal/Cinna/Github/cinna-tracker-web

[debug] [2025-10-23T21:00:29.406Z] <<< [apiv2][status] GET https://firebase-public.firebaseio.com/cli.json 200
[debug] [2025-10-23T21:00:29.406Z] <<< [apiv2][body] GET https://firebase-public.firebaseio.com/cli.json {"cloudBuildErrorAfter":1594252800000,"cloudBuildWarnAfter":1590019200000,"defaultNode10After":1594252800000,"minVersion":"3.0.5","node8DeploysDisabledAfter":1613390400000,"node8RuntimeDisabledAfter":1615809600000,"node8WarnAfter":1600128000000}
[info] 
=== Project Setup
[info] 
[info] First, let's associate this project directory with a Firebase project.
[info] You can create multiple project aliases by running firebase use --add, 
[info] 
[debug] [2025-10-23T21:07:45.013Z] > command requires scopes: ["email","openid","https://www.googleapis.com/auth/cloudplatformprojects.readonly","https://www.googleapis.com/auth/firebase","https://www.googleapis.com/auth/cloud-platform"]
[debug] [2025-10-23T21:07:45.017Z] > authorizing via signed-in user (shawaf.ramy@gmail.com)
[debug] [2025-10-23T21:07:45.021Z] Checked if tokens are valid: false, expires at: 1754788147588
[debug] [2025-10-23T21:07:45.021Z] Checked if tokens are valid: false, expires at: 1754788147588
[debug] [2025-10-23T21:07:45.021Z] > refreshing access token with scopes: []
[debug] [2025-10-23T21:07:45.029Z] >>> [apiv2][query] POST https://www.googleapis.com/oauth2/v3/token [none]
[debug] [2025-10-23T21:07:45.029Z] >>> [apiv2][body] POST https://www.googleapis.com/oauth2/v3/token [omitted]
[debug] [2025-10-23T21:07:45.211Z] <<< [apiv2][status] POST https://www.googleapis.com/oauth2/v3/token 200
[debug] [2025-10-23T21:07:45.212Z] <<< [apiv2][body] POST https://www.googleapis.com/oauth2/v3/token [omitted]
[debug] [2025-10-23T21:07:45.226Z] >>> [apiv2][query] GET https://firebase.googleapis.com/v1beta1/projects pageSize=100
[debug] [2025-10-23T21:07:45.652Z] <<< [apiv2][status] GET https://firebase.googleapis.com/v1beta1/projects 200
[debug] [2025-10-23T21:07:45.652Z] <<< [apiv2][body] GET https://firebase.googleapis.com/v1beta1/projects [omitted]
[info] 
=== Hosting Setup
[debug] [2025-10-23T21:07:47.547Z] Checked if tokens are valid: true, expires at: 1761257264212
[debug] [2025-10-23T21:07:47.547Z] Checked if tokens are valid: true, expires at: 1761257264212
[debug] [2025-10-23T21:07:47.548Z] >>> [apiv2][query] GET https://firebase.googleapis.com/v1beta1/projects/cinna-tracker-web [none]
[debug] [2025-10-23T21:07:47.780Z] <<< [apiv2][status] GET https://firebase.googleapis.com/v1beta1/projects/cinna-tracker-web 200
[debug] [2025-10-23T21:07:47.781Z] <<< [apiv2][body] GET https://firebase.googleapis.com/v1beta1/projects/cinna-tracker-web {"projectId":"cinna-tracker-web","projectNumber":"497146643193","displayName":"cinna-tracker-web","name":"projects/cinna-tracker-web","resources":{"hostingSite":"cinna-tracker-web"},"state":"ACTIVE","etag":"1_644a3964-7659-4f9b-9871-d8e476a79ac6"}
[info] 
[info] Your public directory is the folder (relative to your project directory) that
[info] will contain Hosting assets to be uploaded with firebase deploy. If you
[info] have a build process for your assets, use your build's output directory.
[info] 
